<?xml version="1.0" encoding="UTF-8"?>
<!-- Generated by org.testng.reporters.JUnitReportReporter -->
<testsuite skipped="0" hostname="DESKTOP-KG22RCC" name="com.qa.test.HomePageTest" tests="3" failures="0" timestamp="2020-09-09T15:46:33 IST" time="48.700" errors="0">
  <testcase name="validatehomepagetitle" time="15.900" classname="com.qa.test.HomePageTest"/>
  <system-out/>
  <testcase name="validatehomepagelogo" time="17.032" classname="com.qa.test.HomePageTest"/>
  <system-out/>
  <testcase name="validatelogin" time="15.768" classname="com.qa.test.HomePageTest"/>
  <system-out/>
</testsuite> <!-- com.qa.test.HomePageTest -->
