<?xml version="1.0" encoding="UTF-8"?>
<!-- Generated by org.testng.reporters.JUnitReportReporter -->
<testsuite skipped="0" hostname="DESKTOP-RBNB4BV" name="com.qa.test.HomePageTest" tests="3" failures="0" timestamp="17 Sep 2020 11:52:45 GMT" time="41.292" errors="0">
  <testcase name="validatehomepagetitle" time="12.044" classname="com.qa.test.HomePageTest"/>
  <testcase name="validatehomepagelogo" time="13.714" classname="com.qa.test.HomePageTest"/>
  <testcase name="validatelogin" time="15.534" classname="com.qa.test.HomePageTest"/>
</testsuite> <!-- com.qa.test.HomePageTest -->
