<?xml version="1.0" encoding="UTF-8"?>
<!-- Generated by org.testng.reporters.JUnitReportReporter -->
<testsuite skipped="0" hostname="DESKTOP-RBNB4BV" name="com.qa.test.RegistrationPageTest" tests="3" failures="0" timestamp="17 Sep 2020 11:52:45 GMT" time="61.582" errors="0">
  <testcase name="validatefirstlastname" time="16.487" classname="com.qa.test.RegistrationPageTest"/>
  <testcase name="validateregistration" time="22.902" classname="com.qa.test.RegistrationPageTest"/>
  <testcase name="validateregistration" time="22.193" classname="com.qa.test.RegistrationPageTest"/>
</testsuite> <!-- com.qa.test.RegistrationPageTest -->
