<?xml version="1.0" encoding="UTF-8"?>
<!-- Generated by org.testng.reporters.JUnitReportReporter -->
<testsuite skipped="0" hostname="DESKTOP-RBNB4BV" name="com.qa.test.LoginPageTest" tests="1" failures="0" timestamp="17 Sep 2020 11:52:45 GMT" time="21.177" errors="0">
  <testcase name="testloginmethod" time="21.177" classname="com.qa.test.LoginPageTest"/>
</testsuite> <!-- com.qa.test.LoginPageTest -->
