<?xml version="1.0" encoding="UTF-8"?>
<!-- Generated by org.testng.reporters.JUnitReportReporter -->
<testsuite skipped="0" hostname="DESKTOP-RBNB4BV" name="com.qa.test.HomePageTest" tests="3" failures="0" timestamp="24 Sep 2020 05:17:47 GMT" time="40.057" errors="0">
  <testcase name="validatehomepagetitle" time="13.183" classname="com.qa.test.HomePageTest"/>
  <testcase name="validatehomepagelogo" time="11.804" classname="com.qa.test.HomePageTest"/>
  <testcase name="validatelogin" time="15.070" classname="com.qa.test.HomePageTest"/>
</testsuite> <!-- com.qa.test.HomePageTest -->
