<?xml version="1.0" encoding="UTF-8"?>
<!-- Generated by org.testng.reporters.JUnitReportReporter -->
<testsuite skipped="0" hostname="DESKTOP-RBNB4BV" name="com.qa.test.HomePageTest" tests="3" failures="0" timestamp="01 Oct 2020 06:48:10 GMT" time="52.431" errors="0">
  <testcase name="validatehomepagetitle" time="19.108" classname="com.qa.test.HomePageTest"/>
  <testcase name="validatehomepagelogo" time="15.504" classname="com.qa.test.HomePageTest"/>
  <testcase name="validatelogin" time="17.819" classname="com.qa.test.HomePageTest"/>
</testsuite> <!-- com.qa.test.HomePageTest -->
