<?xml version="1.0" encoding="UTF-8"?>
<!-- Generated by org.testng.reporters.JUnitReportReporter -->
<testsuite skipped="0" hostname="DESKTOP-KG22RCC" name="com.qa.test.LoginPageTest" tests="1" failures="0" timestamp="2020-09-09T15:46:33 IST" time="24.400" errors="0">
  <testcase name="testloginmethod" time="24.400" classname="com.qa.test.LoginPageTest"/>
  <system-out/>
</testsuite> <!-- com.qa.test.LoginPageTest -->
