<?xml version="1.0" encoding="UTF-8"?>
<!-- Generated by org.testng.reporters.JUnitReportReporter -->
<testsuite skipped="1" hostname="DESKTOP-KG22RCC" name="com.qa.test.RegistrationPageTest" tests="2" failures="0" timestamp="2020-09-09T15:46:33 IST" time="18.041" errors="0">
  <testcase name="validatefirstlastname" time="18.041" classname="com.qa.test.RegistrationPageTest"/>
  <system-out/>
  <testcase name="validateregistration" time="0.000" classname="com.qa.test.RegistrationPageTest">
    <skipped/>
  </testcase> <!-- validateregistration -->
  <system-out/>
</testsuite> <!-- com.qa.test.RegistrationPageTest -->
