<?xml version="1.0" encoding="UTF-8"?>
<!-- Generated by org.testng.reporters.JUnitReportReporter -->
<testsuite skipped="0" hostname="DESKTOP-RBNB4BV" name="com.qa.test.LoginPageTest" tests="1" failures="0" timestamp="24 Sep 2020 05:17:47 GMT" time="17.880" errors="0">
  <testcase name="testloginmethod" time="17.880" classname="com.qa.test.LoginPageTest"/>
</testsuite> <!-- com.qa.test.LoginPageTest -->
