<?xml version="1.0" encoding="UTF-8"?>
<!-- Generated by org.testng.reporters.JUnitReportReporter -->
<testsuite skipped="0" hostname="megha3069-04" name="com.qa.test.HomePageTest" tests="3" failures="0" timestamp="2020-08-26T17:01:49 IST" time="69.589" errors="0">
  <testcase name="validatehomepagetitle" time="12.499" classname="com.qa.test.HomePageTest"/>
  <system-out/>
  <testcase name="validatehomepagelogo" time="28.298" classname="com.qa.test.HomePageTest"/>
  <system-out/>
  <testcase name="validatelogin" time="28.792" classname="com.qa.test.HomePageTest"/>
  <system-out/>
</testsuite> <!-- com.qa.test.HomePageTest -->
