<?xml version="1.0" encoding="UTF-8"?>
<!-- Generated by org.testng.reporters.JUnitReportReporter -->
<testsuite skipped="0" hostname="DESKTOP-RBNB4BV" name="com.qa.test.LoginPageTest" tests="1" failures="0" timestamp="18 Sep 2020 06:58:26 GMT" time="21.040" errors="0">
  <testcase name="testloginmethod" time="21.040" classname="com.qa.test.LoginPageTest"/>
</testsuite> <!-- com.qa.test.LoginPageTest -->
