<?xml version="1.0" encoding="UTF-8"?>
<!-- Generated by org.testng.reporters.JUnitReportReporter -->
<testsuite skipped="0" hostname="DESKTOP-RBNB4BV" name="com.qa.test.HomePageTest" tests="3" failures="0" timestamp="18 Sep 2020 06:58:26 GMT" time="42.289" errors="0">
  <testcase name="validatehomepagetitle" time="12.732" classname="com.qa.test.HomePageTest"/>
  <testcase name="validatehomepagelogo" time="14.106" classname="com.qa.test.HomePageTest"/>
  <testcase name="validatelogin" time="15.451" classname="com.qa.test.HomePageTest"/>
</testsuite> <!-- com.qa.test.HomePageTest -->
