<?xml version="1.0" encoding="UTF-8"?>
<!-- Generated by org.testng.reporters.JUnitReportReporter -->
<testsuite skipped="1" hostname="DESKTOP-RBNB4BV" name="com.qa.test.RegistrationPageTest" tests="2" failures="0" timestamp="17 Sep 2020 11:27:30 GMT" time="17.002" errors="0">
  <testcase name="validatefirstlastname" time="17.002" classname="com.qa.test.RegistrationPageTest"/>
  <testcase name="validateregistration" time="0.000" classname="com.qa.test.RegistrationPageTest">
    <skipped/>
  </testcase> <!-- validateregistration -->
</testsuite> <!-- com.qa.test.RegistrationPageTest -->
